Started GET "/" for 127.0.0.1 at 2019-09-21 15:36:22 -0400
  
ActiveRecord::PendingMigrationError (

Migrations are pending. To resolve this issue, run:

        bin/rails db:migrate RAILS_ENV=development

):
  
activerecord (5.2.3) lib/active_record/migration.rb:579:in `check_pending!'
activerecord (5.2.3) lib/active_record/migration.rb:556:in `call'
actionpack (5.2.3) lib/action_dispatch/middleware/callbacks.rb:28:in `block in call'
activesupport (5.2.3) lib/active_support/callbacks.rb:98:in `run_callbacks'
actionpack (5.2.3) lib/action_dispatch/middleware/callbacks.rb:26:in `call'
actionpack (5.2.3) lib/action_dispatch/middleware/executor.rb:14:in `call'
actionpack (5.2.3) lib/action_dispatch/middleware/debug_exceptions.rb:61:in `call'
web-console (3.7.0) lib/web_console/middleware.rb:135:in `call_app'
web-console (3.7.0) lib/web_console/middleware.rb:30:in `block in call'
web-console (3.7.0) lib/web_console/middleware.rb:20:in `catch'
web-console (3.7.0) lib/web_console/middleware.rb:20:in `call'
actionpack (5.2.3) lib/action_dispatch/middleware/show_exceptions.rb:33:in `call'
railties (5.2.3) lib/rails/rack/logger.rb:38:in `call_app'
railties (5.2.3) lib/rails/rack/logger.rb:26:in `block in call'
activesupport (5.2.3) lib/active_support/tagged_logging.rb:71:in `block in tagged'
activesupport (5.2.3) lib/active_support/tagged_logging.rb:28:in `tagged'
activesupport (5.2.3) lib/active_support/tagged_logging.rb:71:in `tagged'
railties (5.2.3) lib/rails/rack/logger.rb:26:in `call'
sprockets-rails (3.2.1) lib/sprockets/rails/quiet_assets.rb:13:in `call'
actionpack (5.2.3) lib/action_dispatch/middleware/remote_ip.rb:81:in `call'
actionpack (5.2.3) lib/action_dispatch/middleware/request_id.rb:27:in `call'
rack (2.0.7) lib/rack/method_override.rb:22:in `call'
rack (2.0.7) lib/rack/runtime.rb:22:in `call'
activesupport (5.2.3) lib/active_support/cache/strategy/local_cache_middleware.rb:29:in `call'
actionpack (5.2.3) lib/action_dispatch/middleware/executor.rb:14:in `call'
actionpack (5.2.3) lib/action_dispatch/middleware/static.rb:127:in `call'
rack (2.0.7) lib/rack/sendfile.rb:111:in `call'
railties (5.2.3) lib/rails/engine.rb:524:in `call'
puma (3.12.1) lib/puma/configuration.rb:227:in `call'
puma (3.12.1) lib/puma/server.rb:660:in `handle_request'
puma (3.12.1) lib/puma/server.rb:474:in `process_client'
puma (3.12.1) lib/puma/server.rb:334:in `block in run'
puma (3.12.1) lib/puma/thread_pool.rb:135:in `block in spawn_thread'
  [1m[35m (0.1ms)[0m  [1m[34mSELECT sqlite_version(*)[0m
  ↳ /home/gg/.rbenv/versions/2.6.3/bin/rake:23
  [1m[35m (107.3ms)[0m  [1m[35mCREATE TABLE "schema_migrations" ("version" varchar NOT NULL PRIMARY KEY)[0m
  ↳ /home/gg/.rbenv/versions/2.6.3/bin/rake:23
  [1m[35m (87.7ms)[0m  [1m[35mCREATE TABLE "ar_internal_metadata" ("key" varchar NOT NULL PRIMARY KEY, "value" varchar, "created_at" datetime NOT NULL, "updated_at" datetime NOT NULL)[0m
  ↳ /home/gg/.rbenv/versions/2.6.3/bin/rake:23
  [1m[35m (0.6ms)[0m  [1m[34mSELECT "schema_migrations"."version" FROM "schema_migrations" ORDER BY "schema_migrations"."version" ASC[0m
  ↳ /home/gg/.rbenv/versions/2.6.3/bin/rake:23
Migrating to CreateBooks (20190921185816)
  [1m[35m (0.1ms)[0m  [1m[36mbegin transaction[0m
  ↳ /home/gg/.rbenv/versions/2.6.3/bin/rake:23
  [1m[35m (0.7ms)[0m  [1m[35mCREATE TABLE "books" ("id" integer PRIMARY KEY AUTOINCREMENT NOT NULL, "isbn" varchar, "title" varchar, "author" varchar, "language" varchar, "published" date, "edition" varchar, "image" varchar, "subject" varchar, "summary" text, "special_collection" boolean, "created_at" datetime NOT NULL, "updated_at" datetime NOT NULL)[0m
  ↳ db/migrate/20190921185816_create_books.rb:3
  [1m[36mActiveRecord::SchemaMigration Create (0.3ms)[0m  [1m[32mINSERT INTO "schema_migrations" ("version") VALUES (?)[0m  [["version", "20190921185816"]]
  ↳ /home/gg/.rbenv/versions/2.6.3/bin/rake:23
  [1m[35m (102.8ms)[0m  [1m[36mcommit transaction[0m
  ↳ /home/gg/.rbenv/versions/2.6.3/bin/rake:23
Migrating to CreateLibraries (20190921191540)
  [1m[35m (0.2ms)[0m  [1m[36mbegin transaction[0m
  ↳ /home/gg/.rbenv/versions/2.6.3/bin/rake:23
  [1m[35m (2.1ms)[0m  [1m[35mCREATE TABLE "libraries" ("id" integer PRIMARY KEY AUTOINCREMENT NOT NULL, "name" varchar, "university" varchar, "location" varchar, "max_days" integer, "fines" float, "created_at" datetime NOT NULL, "updated_at" datetime NOT NULL)[0m
  ↳ db/migrate/20190921191540_create_libraries.rb:3
  [1m[36mActiveRecord::SchemaMigration Create (0.6ms)[0m  [1m[32mINSERT INTO "schema_migrations" ("version") VALUES (?)[0m  [["version", "20190921191540"]]
  ↳ /home/gg/.rbenv/versions/2.6.3/bin/rake:23
  [1m[35m (73.1ms)[0m  [1m[36mcommit transaction[0m
  ↳ /home/gg/.rbenv/versions/2.6.3/bin/rake:23
Migrating to CreateStudents (20190921192818)
  [1m[35m (0.2ms)[0m  [1m[36mbegin transaction[0m
  ↳ /home/gg/.rbenv/versions/2.6.3/bin/rake:23
  [1m[35m (1.4ms)[0m  [1m[35mCREATE TABLE "students" ("id" integer PRIMARY KEY AUTOINCREMENT NOT NULL, "email" varchar, "name" varchar, "password" varchar, "education" varchar, "university" varchar, "max_books" integer, "created_at" datetime NOT NULL, "updated_at" datetime NOT NULL)[0m
  ↳ db/migrate/20190921192818_create_students.rb:3
  [1m[36mActiveRecord::SchemaMigration Create (0.5ms)[0m  [1m[32mINSERT INTO "schema_migrations" ("version") VALUES (?)[0m  [["version", "20190921192818"]]
  ↳ /home/gg/.rbenv/versions/2.6.3/bin/rake:23
  [1m[35m (91.6ms)[0m  [1m[36mcommit transaction[0m
  ↳ /home/gg/.rbenv/versions/2.6.3/bin/rake:23
Migrating to CreateLibrarians (20190921192933)
  [1m[35m (0.2ms)[0m  [1m[36mbegin transaction[0m
  ↳ /home/gg/.rbenv/versions/2.6.3/bin/rake:23
  [1m[35m (1.3ms)[0m  [1m[35mCREATE TABLE "librarians" ("id" integer PRIMARY KEY AUTOINCREMENT NOT NULL, "email" varchar, "name" varchar, "password" varchar, "library" varchar, "created_at" datetime NOT NULL, "updated_at" datetime NOT NULL)[0m
  ↳ db/migrate/20190921192933_create_librarians.rb:3
  [1m[36mActiveRecord::SchemaMigration Create (0.6ms)[0m  [1m[32mINSERT INTO "schema_migrations" ("version") VALUES (?)[0m  [["version", "20190921192933"]]
  ↳ /home/gg/.rbenv/versions/2.6.3/bin/rake:23
  [1m[35m (85.1ms)[0m  [1m[36mcommit transaction[0m
  ↳ /home/gg/.rbenv/versions/2.6.3/bin/rake:23
Migrating to CreateAdmins (20190921193116)
  [1m[35m (0.2ms)[0m  [1m[36mbegin transaction[0m
  ↳ /home/gg/.rbenv/versions/2.6.3/bin/rake:23
  [1m[35m (1.2ms)[0m  [1m[35mCREATE TABLE "admins" ("id" integer PRIMARY KEY AUTOINCREMENT NOT NULL, "email" varchar, "name" varchar, "password" varchar, "created_at" datetime NOT NULL, "updated_at" datetime NOT NULL)[0m
  ↳ db/migrate/20190921193116_create_admins.rb:3
  [1m[36mActiveRecord::SchemaMigration Create (1.2ms)[0m  [1m[32mINSERT INTO "schema_migrations" ("version") VALUES (?)[0m  [["version", "20190921193116"]]
  ↳ /home/gg/.rbenv/versions/2.6.3/bin/rake:23
  [1m[35m (82.3ms)[0m  [1m[36mcommit transaction[0m
  ↳ /home/gg/.rbenv/versions/2.6.3/bin/rake:23
  [1m[36mActiveRecord::InternalMetadata Load (0.7ms)[0m  [1m[34mSELECT  "ar_internal_metadata".* FROM "ar_internal_metadata" WHERE "ar_internal_metadata"."key" = ? LIMIT ?[0m  [["key", "environment"], ["LIMIT", 1]]
  ↳ /home/gg/.rbenv/versions/2.6.3/bin/rake:23
  [1m[35m (0.1ms)[0m  [1m[36mbegin transaction[0m
  ↳ /home/gg/.rbenv/versions/2.6.3/bin/rake:23
  [1m[36mActiveRecord::InternalMetadata Create (0.8ms)[0m  [1m[32mINSERT INTO "ar_internal_metadata" ("key", "value", "created_at", "updated_at") VALUES (?, ?, ?, ?)[0m  [["key", "environment"], ["value", "development"], ["created_at", "2019-09-21 19:36:52.546416"], ["updated_at", "2019-09-21 19:36:52.546416"]]
  ↳ /home/gg/.rbenv/versions/2.6.3/bin/rake:23
  [1m[35m (64.4ms)[0m  [1m[36mcommit transaction[0m
  ↳ /home/gg/.rbenv/versions/2.6.3/bin/rake:23
  [1m[35m (0.4ms)[0m  [1m[34mSELECT "schema_migrations"."version" FROM "schema_migrations" ORDER BY "schema_migrations"."version" ASC[0m
  ↳ /home/gg/.rbenv/versions/2.6.3/bin/rake:23
Started GET "/" for 127.0.0.1 at 2019-09-21 15:36:56 -0400
  [1m[35m (0.1ms)[0m  [1m[34mSELECT "schema_migrations"."version" FROM "schema_migrations" ORDER BY "schema_migrations"."version" ASC[0m
  ↳ /home/gg/.rbenv/versions/2.6.3/lib/ruby/gems/2.6.0/gems/activerecord-5.2.3/lib/active_record/log_subscriber.rb:98
Processing by StudentsController#index as HTML
  Rendering students/index.html.erb within layouts/application
  [1m[36mStudent Load (0.2ms)[0m  [1m[34mSELECT "students".* FROM "students"[0m
  ↳ app/views/students/index.html.erb:19
  Rendered students/index.html.erb within layouts/application (3.5ms)
Completed 200 OK in 2814ms (Views: 2788.3ms | ActiveRecord: 0.7ms)


Started GET "/students/new" for 127.0.0.1 at 2019-09-21 15:37:06 -0400
Processing by StudentsController#new as HTML
  Rendering students/new.html.erb within layouts/application
  Rendered students/_form.html.erb (242.3ms)
  Rendered students/new.html.erb within layouts/application (243.1ms)
Completed 200 OK in 281ms (Views: 266.8ms | ActiveRecord: 1.2ms)


Started POST "/students" for 127.0.0.1 at 2019-09-21 15:38:24 -0400
Processing by StudentsController#create as HTML
  Parameters: {"utf8"=>"✓", "authenticity_token"=>"2HnQSaW7762Etif41xhayWE6StONwUS3d94NYQBQ+PVbYp/INCr9fxPuI3zndOLo1xjkQOWRgqOdiCZIMTVdnA==", "student"=>{"email"=>"amandli@ncsu.edu", "name"=>"Amit", "password"=>"[FILTERED]", "education"=>"MS in CS", "university"=>"NC State University", "max_books"=>"5"}, "commit"=>"Create Student"}
  [1m[35m (0.0ms)[0m  [1m[36mbegin transaction[0m
  ↳ app/controllers/students_controller.rb:30
  [1m[36mStudent Create (0.3ms)[0m  [1m[32mINSERT INTO "students" ("email", "name", "password", "education", "university", "max_books", "created_at", "updated_at") VALUES (?, ?, ?, ?, ?, ?, ?, ?)[0m  [["email", "amandli@ncsu.edu"], ["name", "Amit"], ["password", "Amit"], ["education", "MS in CS"], ["university", "NC State University"], ["max_books", 5], ["created_at", "2019-09-21 19:38:24.788069"], ["updated_at", "2019-09-21 19:38:24.788069"]]
  ↳ app/controllers/students_controller.rb:30
  [1m[35m (111.1ms)[0m  [1m[36mcommit transaction[0m
  ↳ app/controllers/students_controller.rb:30
Redirected to http://localhost:3000/students/1
Completed 302 Found in 121ms (ActiveRecord: 111.4ms)


Started GET "/students/1" for 127.0.0.1 at 2019-09-21 15:38:24 -0400
Processing by StudentsController#show as HTML
  Parameters: {"id"=>"1"}
  [1m[36mStudent Load (0.4ms)[0m  [1m[34mSELECT  "students".* FROM "students" WHERE "students"."id" = ? LIMIT ?[0m  [["id", 1], ["LIMIT", 1]]
  ↳ app/controllers/students_controller.rb:67
  Rendering students/show.html.erb within layouts/application
  Rendered students/show.html.erb within layouts/application (1.0ms)
Completed 200 OK in 40ms (Views: 26.2ms | ActiveRecord: 0.4ms)


Started GET "/students" for 127.0.0.1 at 2019-09-21 15:38:28 -0400
Processing by StudentsController#index as HTML
  Rendering students/index.html.erb within layouts/application
  [1m[36mStudent Load (0.2ms)[0m  [1m[34mSELECT "students".* FROM "students"[0m
  ↳ app/views/students/index.html.erb:19
  Rendered students/index.html.erb within layouts/application (2.7ms)
Completed 200 OK in 29ms (Views: 27.8ms | ActiveRecord: 0.2ms)


Started GET "/students/1" for 127.0.0.1 at 2019-09-21 15:38:31 -0400
Processing by StudentsController#show as HTML
  Parameters: {"id"=>"1"}
  [1m[36mStudent Load (0.3ms)[0m  [1m[34mSELECT  "students".* FROM "students" WHERE "students"."id" = ? LIMIT ?[0m  [["id", 1], ["LIMIT", 1]]
  ↳ app/controllers/students_controller.rb:67
  Rendering students/show.html.erb within layouts/application
  Rendered students/show.html.erb within layouts/application (1.4ms)
Completed 200 OK in 40ms (Views: 34.6ms | ActiveRecord: 0.3ms)


Started GET "/students" for 127.0.0.1 at 2019-09-21 15:38:34 -0400
Processing by StudentsController#index as HTML
  Rendering students/index.html.erb within layouts/application
  [1m[36mStudent Load (0.2ms)[0m  [1m[34mSELECT "students".* FROM "students"[0m
  ↳ app/views/students/index.html.erb:19
  Rendered students/index.html.erb within layouts/application (6.0ms)
Completed 200 OK in 53ms (Views: 49.6ms | ActiveRecord: 0.2ms)


Started GET "/" for 127.0.0.1 at 2019-09-21 16:10:09 -0400
  [1m[35m (0.3ms)[0m  [1m[34mSELECT "schema_migrations"."version" FROM "schema_migrations" ORDER BY "schema_migrations"."version" ASC[0m
  ↳ /home/gg/.rbenv/versions/2.6.3/lib/ruby/gems/2.6.0/gems/activerecord-5.2.3/lib/active_record/log_subscriber.rb:98
Processing by StudentsController#index as HTML
  Rendering students/index.html.erb within layouts/application
  [1m[36mStudent Load (0.2ms)[0m  [1m[34mSELECT "students".* FROM "students"[0m
  ↳ app/views/students/index.html.erb:19
  Rendered students/index.html.erb within layouts/application (17.5ms)
Completed 200 OK in 324ms (Views: 310.3ms | ActiveRecord: 1.0ms)


Started GET "/students/new" for 127.0.0.1 at 2019-09-21 16:10:14 -0400
Processing by StudentsController#new as HTML
  Rendering students/new.html.erb within layouts/application
  Rendered students/_form.html.erb (274.9ms)
  Rendered students/new.html.erb within layouts/application (277.5ms)
Completed 200 OK in 317ms (Views: 313.0ms | ActiveRecord: 0.0ms)


Started GET "/students/" for 127.0.0.1 at 2019-09-21 16:10:20 -0400
Processing by StudentsController#index as HTML
  Rendering students/index.html.erb within layouts/application
  [1m[36mStudent Load (0.6ms)[0m  [1m[34mSELECT "students".* FROM "students"[0m
  ↳ app/views/students/index.html.erb:19
  Rendered students/index.html.erb within layouts/application (6.6ms)
Completed 200 OK in 45ms (Views: 42.5ms | ActiveRecord: 0.6ms)


Started GET "/students/1" for 127.0.0.1 at 2019-09-21 16:10:41 -0400
Processing by StudentsController#show as HTML
  Parameters: {"id"=>"1"}
  [1m[36mStudent Load (0.5ms)[0m  [1m[34mSELECT  "students".* FROM "students" WHERE "students"."id" = ? LIMIT ?[0m  [["id", 1], ["LIMIT", 1]]
  ↳ app/controllers/students_controller.rb:67
  Rendering students/show.html.erb within layouts/application
  Rendered students/show.html.erb within layouts/application (1.9ms)
Completed 200 OK in 110ms (Views: 47.3ms | ActiveRecord: 0.5ms)


